<?xml version="1.0" encoding="UTF-8"?>
<!-- Generated by org.testng.reporters.JUnitReportReporter -->
<testsuite hostname="DESKTOP-15P8K1F" failures="0" tests="1" name="com.orangeHRM.TestCases.TC01_LoginPage" time="5.634" errors="0" timestamp="2023-10-20T14:31:35 CDT" skipped="0">
  <testcase classname="com.orangeHRM.TestCases.TC01_LoginPage" name="test" time="5.634"/>
  <system-out/>
</testsuite> <!-- com.orangeHRM.TestCases.TC01_LoginPage -->
